Using pre-set license
Built from '2021.3/release' branch; Version is '2021.3.17f1 (3e8111cac19d) revision 4096273'; Using compiler version '192829333'; Build Type 'Release'
OS: 'Windows 10  (10.0.19044) 64bit Core' Language: 'en' Physical Memory: 16314 MB
BatchMode: 1, IsHumanControllingUs: 0, StartBugReporterOnCrash: 0, Is64bit: 1, IsPro: 1

COMMAND LINE ARGUMENTS:
C:\Program Files\Unity\Hub\Editor\2021.3.17f1\Editor\Unity.exe
-adb2
-batchMode
-noUpm
-name
AssetImportWorker1
-projectPath
C:/Users/jrmar/Documents/GitHub/testtrivia/MysteryTriviaCOPY
-logFile
Logs/AssetImportWorker1.log
-srvPort
59929
Successfully changed project path to: C:/Users/jrmar/Documents/GitHub/testtrivia/MysteryTriviaCOPY
C:/Users/jrmar/Documents/GitHub/testtrivia/MysteryTriviaCOPY
[UnityMemory] Configuration Parameters - Can be set up in boot.config
    "memorysetup-bucket-allocator-granularity=16"
    "memorysetup-bucket-allocator-bucket-count=8"
    "memorysetup-bucket-allocator-block-size=33554432"
    "memorysetup-bucket-allocator-block-count=8"
    "memorysetup-main-allocator-block-size=16777216"
    "memorysetup-thread-allocator-block-size=16777216"
    "memorysetup-gfx-main-allocator-block-size=16777216"
    "memorysetup-gfx-thread-allocator-block-size=16777216"
    "memorysetup-cache-allocator-block-size=4194304"
    "memorysetup-typetree-allocator-block-size=2097152"
    "memorysetup-profiler-bucket-allocator-granularity=16"
    "memorysetup-profiler-bucket-allocator-bucket-count=8"
    "memorysetup-profiler-bucket-allocator-block-size=33554432"
    "memorysetup-profiler-bucket-allocator-block-count=8"
    "memorysetup-profiler-allocator-block-size=16777216"
    "memorysetup-profiler-editor-allocator-block-size=1048576"
    "memorysetup-temp-allocator-size-main=16777216"
    "memorysetup-job-temp-allocator-block-size=2097152"
    "memorysetup-job-temp-allocator-block-size-background=1048576"
    "memorysetup-job-temp-allocator-reduction-small-platforms=262144"
    "memorysetup-temp-allocator-size-background-worker=32768"
    "memorysetup-temp-allocator-size-job-worker=262144"
    "memorysetup-temp-allocator-size-preload-manager=33554432"
    "memorysetup-temp-allocator-size-nav-mesh-worker=65536"
    "memorysetup-temp-allocator-size-audio-worker=65536"
    "memorysetup-temp-allocator-size-cloud-worker=32768"
    "memorysetup-temp-allocator-size-gi-baking-worker=262144"
    "memorysetup-temp-allocator-size-gfx=262144"
Player connection [20368] Host "[IP] 192.168.1.46 [Port] 0 [Flags] 2 [Guid] 3492415194 [EditorId] 3492415194 [Version] 1048832 [Id] WindowsEditor(7,DESKTOP-33195J9) [Debug] 1 [PackageName] WindowsEditor [ProjectName] Editor" joined multi-casting on [225.0.0.222:54997]...

Player connection [20368] Host "[IP] 192.168.1.46 [Port] 0 [Flags] 2 [Guid] 3492415194 [EditorId] 3492415194 [Version] 1048832 [Id] WindowsEditor(7,DESKTOP-33195J9) [Debug] 1 [PackageName] WindowsEditor [ProjectName] Editor" joined alternative multi-casting on [225.0.0.222:34997]...

Refreshing native plugins compatible for Editor in 134.45 ms, found 4 plugins.
Preloading 0 native plugins for Editor in 0.00 ms.
Initialize engine version: 2021.3.17f1 (3e8111cac19d)
[Subsystems] Discovering subsystems at path C:/Program Files/Unity/Hub/Editor/2021.3.17f1/Editor/Data/Resources/UnitySubsystems
[Subsystems] Discovering subsystems at path C:/Users/jrmar/Documents/GitHub/testtrivia/MysteryTriviaCOPY/Assets
GfxDevice: creating device client; threaded=0; jobified=0
Direct3D:
    Version:  Direct3D 11.0 [level 11.1]
    Renderer: NVIDIA GeForce RTX 2060 (ID=0x1e89)
    Vendor:   NVIDIA
    VRAM:     5968 MB
    Driver:   31.0.15.1694
Initialize mono
Mono path[0] = 'C:/Program Files/Unity/Hub/Editor/2021.3.17f1/Editor/Data/Managed'
Mono path[1] = 'C:/Program Files/Unity/Hub/Editor/2021.3.17f1/Editor/Data/MonoBleedingEdge/lib/mono/unityjit-win32'
Mono config path = 'C:/Program Files/Unity/Hub/Editor/2021.3.17f1/Editor/Data/MonoBleedingEdge/etc'
Using monoOptions --debugger-agent=transport=dt_socket,embedding=1,server=y,suspend=n,address=127.0.0.1:56016
Begin MonoManager ReloadAssembly
Registering precompiled unity dll's ...
Register platform support module: C:/Program Files/Unity/Hub/Editor/2021.3.17f1/Editor/Data/PlaybackEngines/WebGLSupport/UnityEditor.WebGL.Extensions.dll
Register platform support module: C:/Program Files/Unity/Hub/Editor/2021.3.17f1/Editor/Data/PlaybackEngines/WindowsStandaloneSupport/UnityEditor.WindowsStandalone.Extensions.dll
Registered in 0.011942 seconds.
Native extension for WindowsStandalone target not found
Native extension for WebGL target not found
Refreshing native plugins compatible for Editor in 119.30 ms, found 4 plugins.
Preloading 0 native plugins for Editor in 0.00 ms.
Mono: successfully reloaded assembly
- Completed reload, in  0.780 seconds
Domain Reload Profiling:
	ReloadAssembly (780ms)
		BeginReloadAssembly (91ms)
			ExecutionOrderSort (0ms)
			DisableScriptedObjects (0ms)
			BackupInstance (0ms)
			ReleaseScriptingObjects (0ms)
			CreateAndSetChildDomain (1ms)
		EndReloadAssembly (545ms)
			LoadAssemblies (88ms)
			RebuildTransferFunctionScriptingTraits (0ms)
			SetupTypeCache (113ms)
			ReleaseScriptCaches (0ms)
			RebuildScriptCaches (30ms)
			SetupLoadedEditorAssemblies (337ms)
				LogAssemblyErrors (0ms)
				InitializePlatformSupportModulesInManaged (12ms)
				SetLoadedEditorAssemblies (0ms)
				RefreshPlugins (119ms)
				BeforeProcessingInitializeOnLoad (1ms)
				ProcessInitializeOnLoadAttributes (156ms)
				ProcessInitializeOnLoadMethodAttributes (49ms)
				AfterProcessingInitializeOnLoad (0ms)
				EditorAssembliesLoaded (0ms)
			ExecutionOrderSort2 (0ms)
			AwakeInstancesAfterBackupRestoration (0ms)
Platform modules already initialized, skipping
Registering precompiled user dll's ...
Registered in 0.014842 seconds.
Begin MonoManager ReloadAssembly
Symbol file LoadedFromMemory doesn't match image C:\Users\jrmar\Documents\GitHub\testtrivia\MysteryTriviaCOPY\Library\PackageCache\com.unity.visualscripting@1.8.0\Editor\VisualScripting.Core\Dependencies\DotNetZip\Unity.VisualScripting.IonicZip.dll
Symbol file LoadedFromMemory doesn't match image C:\Users\jrmar\Documents\GitHub\testtrivia\MysteryTriviaCOPY\Library\PackageCache\com.unity.visualscripting@1.8.0\Editor\VisualScripting.Core\Dependencies\YamlDotNet\Unity.VisualScripting.YamlDotNet.dll
Native extension for WindowsStandalone target not found
Native extension for WebGL target not found
Refreshing native plugins compatible for Editor in 109.30 ms, found 4 plugins.
Preloading 0 native plugins for Editor in 0.00 ms.
Mono: successfully reloaded assembly
- Completed reload, in  7.721 seconds
Domain Reload Profiling:
	ReloadAssembly (7722ms)
		BeginReloadAssembly (152ms)
			ExecutionOrderSort (0ms)
			DisableScriptedObjects (7ms)
			BackupInstance (0ms)
			ReleaseScriptingObjects (0ms)
			CreateAndSetChildDomain (20ms)
		EndReloadAssembly (7260ms)
			LoadAssemblies (5201ms)
			RebuildTransferFunctionScriptingTraits (0ms)
			SetupTypeCache (740ms)
			ReleaseScriptCaches (1ms)
			RebuildScriptCaches (68ms)
			SetupLoadedEditorAssemblies (1217ms)
				LogAssemblyErrors (0ms)
				InitializePlatformSupportModulesInManaged (8ms)
				SetLoadedEditorAssemblies (0ms)
				RefreshPlugins (109ms)
				BeforeProcessingInitializeOnLoad (128ms)
				ProcessInitializeOnLoadAttributes (912ms)
				ProcessInitializeOnLoadMethodAttributes (46ms)
				AfterProcessingInitializeOnLoad (14ms)
				EditorAssembliesLoaded (0ms)
			ExecutionOrderSort2 (0ms)
			AwakeInstancesAfterBackupRestoration (9ms)
Platform modules already initialized, skipping
========================================================================
Worker process is ready to serve import requests
Launched and connected shader compiler UnityShaderCompiler.exe after 0.06 seconds
Refreshing native plugins compatible for Editor in 1.23 ms, found 4 plugins.
Preloading 0 native plugins for Editor in 0.00 ms.
Unloading 4480 Unused Serialized files (Serialized files now loaded: 0)
Unloading 126 unused Assets / (108.5 KB). Loaded Objects now: 4895.
Memory consumption went from 182.5 MB to 182.4 MB.
Total: 4.030000 ms (FindLiveObjects: 0.403500 ms CreateObjectMapping: 0.110000 ms MarkObjects: 3.439100 ms  DeleteObjects: 0.076100 ms)

AssetImportParameters requested are different than current active one (requested -> active):
  custom:video-decoder-ogg-theora: a1e56fd34408186e4bbccfd4996cb3dc -> 
  custom:container-muxer-webm: aa71ff27fc2769a1b78a27578f13a17b -> 
  custom:container-demuxer-webm: 4f35f7cbe854078d1ac9338744f61a02 -> 
  custom:video-encoder-webm-vp8: eb34c28f22e8b96e1ab97ce403110664 -> 
  custom:audio-encoder-webm-vorbis: bf7c407c2cedff20999df2af8eb42d56 -> 
  custom:framework-win-MediaFoundation: 216162199b28c13a410421893ffa2e32 -> 
  custom:container-demuxer-ogg: 62fdf1f143b41e24485cea50d1cbac27 -> 
  custom:video-decoder-webm-vp8: 9c59270c3fd7afecdb556c50c9e8de78 -> 
  custom:audio-decoder-ogg-vorbis: bf7c407c2cedff20999df2af8eb42d56 -> 
========================================================================
Received Import Request.
  Time since last request: 675071.475996 seconds.
  path: Assets/MazeMerge/Scripts/audioController.cs
  artifactKey: Guid(4e27e2fb32f8b4b43940f49350587d37) Importer(815301076,1909f56bfc062723c751e8b465ee728b)
Start importing Assets/MazeMerge/Scripts/audioController.cs using Guid(4e27e2fb32f8b4b43940f49350587d37) Importer(815301076,1909f56bfc062723c751e8b465ee728b)  -> (artifact id: 'da4b4f67977b2cb768ba896e7524705c') in 0.047600 seconds 
========================================================================
Received Import Request.
  Time since last request: 418.588848 seconds.
  path: Assets/Scenes/mazeMarrone5.unity
  artifactKey: Guid(3623b4b3693a54c48aaa12bd99e32229) Importer(815301076,1909f56bfc062723c751e8b465ee728b)
Start importing Assets/Scenes/mazeMarrone5.unity using Guid(3623b4b3693a54c48aaa12bd99e32229) Importer(815301076,1909f56bfc062723c751e8b465ee728b)  -> (artifact id: 'c6ad858ed855f7d268ba01d26f658f06') in 0.008068 seconds 
========================================================================
Received Import Request.
  Time since last request: 1.045297 seconds.
  path: Assets/Scenes/mazeMarrone6.unity
  artifactKey: Guid(58fbf6da60d214e48b32882eccd280dc) Importer(815301076,1909f56bfc062723c751e8b465ee728b)
Start importing Assets/Scenes/mazeMarrone6.unity using Guid(58fbf6da60d214e48b32882eccd280dc) Importer(815301076,1909f56bfc062723c751e8b465ee728b)  -> (artifact id: '9d025fddb50d2b6d33ae5722e7b4de40') in 0.007648 seconds 
========================================================================
Received Import Request.
  Time since last request: 724.806016 seconds.
  path: Assets/MazeMerge/Scripts/Player.cs
  artifactKey: Guid(3db99136d96cf974f87832daa0693f44) Importer(815301076,1909f56bfc062723c751e8b465ee728b)
Start importing Assets/MazeMerge/Scripts/Player.cs using Guid(3db99136d96cf974f87832daa0693f44) Importer(815301076,1909f56bfc062723c751e8b465ee728b)  -> (artifact id: '35d8a1c76df483885d31b148ad5d352b') in 0.008202 seconds 
========================================================================
Received Import Request.
  Time since last request: 155.008733 seconds.
  path: Assets/MazeMerge/Audio/Ascending the Vale.mp3
  artifactKey: Guid(b83a19df9cc1f6249a1f17fe0ed661f9) Importer(815301076,1909f56bfc062723c751e8b465ee728b)
Start importing Assets/MazeMerge/Audio/Ascending the Vale.mp3 using Guid(b83a19df9cc1f6249a1f17fe0ed661f9) Importer(815301076,1909f56bfc062723c751e8b465ee728b)  -> (artifact id: '3510faa300ddba2cc46e37b9d2853efe') in 0.100648 seconds 
========================================================================
Received Import Request.
  Time since last request: 0.000021 seconds.
  path: Assets/MazeMerge/Audio/The Path of the Goblin King.mp3
  artifactKey: Guid(c768e041ce32b2e4f8eb235bfc42e0d3) Importer(815301076,1909f56bfc062723c751e8b465ee728b)
Start importing Assets/MazeMerge/Audio/The Path of the Goblin King.mp3 using Guid(c768e041ce32b2e4f8eb235bfc42e0d3) Importer(815301076,1909f56bfc062723c751e8b465ee728b)  -> (artifact id: 'b026bc8b05b10016dfd8336cd35f3a1d') in 0.013592 seconds 
========================================================================
Received Import Request.
  Time since last request: 0.000033 seconds.
  path: Assets/MazeMerge/Audio/Jalandhar.mp3
  artifactKey: Guid(6c5c6cde8b397cd418a9011fc9eb2592) Importer(815301076,1909f56bfc062723c751e8b465ee728b)
Start importing Assets/MazeMerge/Audio/Jalandhar.mp3 using Guid(6c5c6cde8b397cd418a9011fc9eb2592) Importer(815301076,1909f56bfc062723c751e8b465ee728b)  -> (artifact id: '62e1472781516c7b7760888060aa4b98') in 0.013495 seconds 
========================================================================
Received Import Request.
  Time since last request: 0.000020 seconds.
  path: Assets/MazeMerge/Audio/Water Lily.mp3
  artifactKey: Guid(324aca62a450df64fbbc7c31e2857f51) Importer(815301076,1909f56bfc062723c751e8b465ee728b)
Start importing Assets/MazeMerge/Audio/Water Lily.mp3 using Guid(324aca62a450df64fbbc7c31e2857f51) Importer(815301076,1909f56bfc062723c751e8b465ee728b)  -> (artifact id: '4852e13ce4f81d417e766d30e3f3e971') in 0.019326 seconds 
========================================================================
Received Import Request.
  Time since last request: 0.000024 seconds.
  path: Assets/MazeMerge/Audio/Vadodora Chill Mix.mp3
  artifactKey: Guid(31a8654610a48c64c88323204f44f067) Importer(815301076,1909f56bfc062723c751e8b465ee728b)
Start importing Assets/MazeMerge/Audio/Vadodora Chill Mix.mp3 using Guid(31a8654610a48c64c88323204f44f067) Importer(815301076,1909f56bfc062723c751e8b465ee728b)  -> (artifact id: 'afa781de4aceb0b0d51e1ecaebd150af') in 0.013664 seconds 
========================================================================
Received Import Request.
  Time since last request: 0.000025 seconds.
  path: Assets/MazeMerge/Audio/Tikopia.mp3
  artifactKey: Guid(8f8e36f52b3678e479538c7229ff4cff) Importer(815301076,1909f56bfc062723c751e8b465ee728b)
Start importing Assets/MazeMerge/Audio/Tikopia.mp3 using Guid(8f8e36f52b3678e479538c7229ff4cff) Importer(815301076,1909f56bfc062723c751e8b465ee728b)  -> (artifact id: 'af92cf35e35d3e4c24a201b82712889e') in 0.019380 seconds 
========================================================================
Received Import Request.
  Time since last request: 0.000024 seconds.
  path: Assets/MazeMerge/Audio/Drums of the Deep.mp3
  artifactKey: Guid(cd5ae5268753dd847a2b4554216f8fa0) Importer(815301076,1909f56bfc062723c751e8b465ee728b)
Start importing Assets/MazeMerge/Audio/Drums of the Deep.mp3 using Guid(cd5ae5268753dd847a2b4554216f8fa0) Importer(815301076,1909f56bfc062723c751e8b465ee728b)  -> (artifact id: '57d29d767f5608ffed9c73cfc97ce30f') in 0.017959 seconds 
========================================================================
Received Import Request.
  Time since last request: 0.000019 seconds.
  path: Assets/MazeMerge/Audio/Odyssey.mp3
  artifactKey: Guid(7ab03d37de614d74a875d77ff4b36f69) Importer(815301076,1909f56bfc062723c751e8b465ee728b)
Start importing Assets/MazeMerge/Audio/Odyssey.mp3 using Guid(7ab03d37de614d74a875d77ff4b36f69) Importer(815301076,1909f56bfc062723c751e8b465ee728b)  -> (artifact id: '5dad4919e5d67a7d857b6b38fb6c635c') in 0.022247 seconds 
========================================================================
Received Import Request.
  Time since last request: 0.000020 seconds.
  path: Assets/MazeMerge/Audio/Phantom from Space.mp3
  artifactKey: Guid(6b3f9e8e8acb2114e96ff3568f080417) Importer(815301076,1909f56bfc062723c751e8b465ee728b)
Start importing Assets/MazeMerge/Audio/Phantom from Space.mp3 using Guid(6b3f9e8e8acb2114e96ff3568f080417) Importer(815301076,1909f56bfc062723c751e8b465ee728b)  -> (artifact id: 'd42228495af0a8c61ca20099baaf04f3') in 0.019495 seconds 
========================================================================
Received Import Request.
  Time since last request: 0.000016 seconds.
  path: Assets/MazeMerge/Audio/Truth in the Stones.mp3
  artifactKey: Guid(b20e5a16a2c49e948ba7432ec2306dc7) Importer(815301076,1909f56bfc062723c751e8b465ee728b)
Start importing Assets/MazeMerge/Audio/Truth in the Stones.mp3 using Guid(b20e5a16a2c49e948ba7432ec2306dc7) Importer(815301076,1909f56bfc062723c751e8b465ee728b)  -> (artifact id: 'f38b0af1aa077ad02aebbd6861a14a2f') in 0.014781 seconds 
========================================================================
Received Import Request.
  Time since last request: 7.534934 seconds.
  path: Assets/MazeMerge/Audio/sfx
  artifactKey: Guid(8480211dd00415c4496a5347c11415d3) Importer(815301076,1909f56bfc062723c751e8b465ee728b)
Start importing Assets/MazeMerge/Audio/sfx using Guid(8480211dd00415c4496a5347c11415d3) Importer(815301076,1909f56bfc062723c751e8b465ee728b)  -> (artifact id: 'e68186ed079cded8e48a0b47dafcbe8c') in 0.006892 seconds 
========================================================================
Received Import Request.
  Time since last request: 0.099364 seconds.
  path: Assets/MazeMerge/Audio/sfx/mixkit-arcade-game-explosion-2759.wav
  artifactKey: Guid(2b3d6aa101edb084aa88cfd67d6395fa) Importer(815301076,1909f56bfc062723c751e8b465ee728b)
Start importing Assets/MazeMerge/Audio/sfx/mixkit-arcade-game-explosion-2759.wav using Guid(2b3d6aa101edb084aa88cfd67d6395fa) Importer(815301076,1909f56bfc062723c751e8b465ee728b)  -> (artifact id: '5f58857e37ff883575270fa394908978') in 0.047204 seconds 
========================================================================
Received Import Request.
  Time since last request: 0.000023 seconds.
  path: Assets/MazeMerge/Audio/sfx/mixkit-wizard-fire-woosh-1326.wav
  artifactKey: Guid(b979d82ba390d2847b72adcda6481a62) Importer(815301076,1909f56bfc062723c751e8b465ee728b)
Start importing Assets/MazeMerge/Audio/sfx/mixkit-wizard-fire-woosh-1326.wav using Guid(b979d82ba390d2847b72adcda6481a62) Importer(815301076,1909f56bfc062723c751e8b465ee728b)  -> (artifact id: 'a1d16a0b5e998ed1e99862afab99f0f3') in 0.011915 seconds 
========================================================================
Received Import Request.
  Time since last request: 0.000042 seconds.
  path: Assets/MazeMerge/Audio/sfx/mixkit-christmas-magic-bell-hit-939.wav
  artifactKey: Guid(515c2353cd393864d880fe22e232e908) Importer(815301076,1909f56bfc062723c751e8b465ee728b)
Start importing Assets/MazeMerge/Audio/sfx/mixkit-christmas-magic-bell-hit-939.wav using Guid(515c2353cd393864d880fe22e232e908) Importer(815301076,1909f56bfc062723c751e8b465ee728b)  -> (artifact id: '9690e8d25890f80406e7df79c4f8287a') in 0.017300 seconds 
========================================================================
Received Import Request.
  Time since last request: 718.656456 seconds.
  path: Assets/MazeMerge/Sprites/game_exit.png
  artifactKey: Guid(617c65822de7e254fb8760fc641c1b7f) Importer(815301076,1909f56bfc062723c751e8b465ee728b)
Start importing Assets/MazeMerge/Sprites/game_exit.png using Guid(617c65822de7e254fb8760fc641c1b7f) Importer(815301076,1909f56bfc062723c751e8b465ee728b)  -> (artifact id: 'a1afa70ff4f08ecc5f994c8981e6a4ed') in 0.048635 seconds 
