Using pre-set license
Built from '2021.3/release' branch; Version is '2021.3.17f1 (3e8111cac19d) revision 4096273'; Using compiler version '192829333'; Build Type 'Release'
OS: 'Windows 10  (10.0.18363) 64bit Professional' Language: 'en' Physical Memory: 16321 MB
BatchMode: 1, IsHumanControllingUs: 0, StartBugReporterOnCrash: 0, Is64bit: 1, IsPro: 1

COMMAND LINE ARGUMENTS:
C:\Program Files\Unity\Hub\Editor\2021.3.17f1-x86_64\Editor\Unity.exe
-adb2
-batchMode
-noUpm
-name
AssetImportWorker6
-projectPath
C:/Users/Austi/Desktop/Git2/testtrivia/MysteryTriviaCOPY
-logFile
Logs/AssetImportWorker6.log
-srvPort
61289
Successfully changed project path to: C:/Users/Austi/Desktop/Git2/testtrivia/MysteryTriviaCOPY
C:/Users/Austi/Desktop/Git2/testtrivia/MysteryTriviaCOPY
[UnityMemory] Configuration Parameters - Can be set up in boot.config
    "memorysetup-bucket-allocator-granularity=16"
    "memorysetup-bucket-allocator-bucket-count=8"
    "memorysetup-bucket-allocator-block-size=33554432"
    "memorysetup-bucket-allocator-block-count=8"
    "memorysetup-main-allocator-block-size=16777216"
    "memorysetup-thread-allocator-block-size=16777216"
    "memorysetup-gfx-main-allocator-block-size=16777216"
    "memorysetup-gfx-thread-allocator-block-size=16777216"
    "memorysetup-cache-allocator-block-size=4194304"
    "memorysetup-typetree-allocator-block-size=2097152"
    "memorysetup-profiler-bucket-allocator-granularity=16"
    "memorysetup-profiler-bucket-allocator-bucket-count=8"
    "memorysetup-profiler-bucket-allocator-block-size=33554432"
    "memorysetup-profiler-bucket-allocator-block-count=8"
    "memorysetup-profiler-allocator-block-size=16777216"
    "memorysetup-profiler-editor-allocator-block-size=1048576"
    "memorysetup-temp-allocator-size-main=16777216"
    "memorysetup-job-temp-allocator-block-size=2097152"
    "memorysetup-job-temp-allocator-block-size-background=1048576"
    "memorysetup-job-temp-allocator-reduction-small-platforms=262144"
    "memorysetup-temp-allocator-size-background-worker=32768"
    "memorysetup-temp-allocator-size-job-worker=262144"
    "memorysetup-temp-allocator-size-preload-manager=33554432"
    "memorysetup-temp-allocator-size-nav-mesh-worker=65536"
    "memorysetup-temp-allocator-size-audio-worker=65536"
    "memorysetup-temp-allocator-size-cloud-worker=32768"
    "memorysetup-temp-allocator-size-gi-baking-worker=262144"
    "memorysetup-temp-allocator-size-gfx=262144"
Player connection [18364] Host "[IP] 192.168.1.141 [Port] 0 [Flags] 2 [Guid] 866728052 [EditorId] 866728052 [Version] 1048832 [Id] WindowsEditor(7,DESKTOP-OJRP30C) [Debug] 1 [PackageName] WindowsEditor [ProjectName] Editor" joined multi-casting on [225.0.0.222:54997]...

Player connection [18364] Host "[IP] 192.168.1.141 [Port] 0 [Flags] 2 [Guid] 866728052 [EditorId] 866728052 [Version] 1048832 [Id] WindowsEditor(7,DESKTOP-OJRP30C) [Debug] 1 [PackageName] WindowsEditor [ProjectName] Editor" joined alternative multi-casting on [225.0.0.222:34997]...

Refreshing native plugins compatible for Editor in 185.56 ms, found 4 plugins.
Preloading 0 native plugins for Editor in 0.00 ms.
Initialize engine version: 2021.3.17f1 (3e8111cac19d)
[Subsystems] Discovering subsystems at path C:/Program Files/Unity/Hub/Editor/2021.3.17f1-x86_64/Editor/Data/Resources/UnitySubsystems
[Subsystems] Discovering subsystems at path C:/Users/Austi/Desktop/Git2/testtrivia/MysteryTriviaCOPY/Assets
GfxDevice: creating device client; threaded=0; jobified=0
Direct3D:
    Version:  Direct3D 11.0 [level 11.1]
    Renderer: NVIDIA GeForce GTX 1080 (ID=0x1b80)
    Vendor:   NVIDIA
    VRAM:     8079 MB
    Driver:   31.0.15.1694
Initialize mono
Mono path[0] = 'C:/Program Files/Unity/Hub/Editor/2021.3.17f1-x86_64/Editor/Data/Managed'
Mono path[1] = 'C:/Program Files/Unity/Hub/Editor/2021.3.17f1-x86_64/Editor/Data/MonoBleedingEdge/lib/mono/unityjit-win32'
Mono config path = 'C:/Program Files/Unity/Hub/Editor/2021.3.17f1-x86_64/Editor/Data/MonoBleedingEdge/etc'
Using monoOptions --debugger-agent=transport=dt_socket,embedding=1,server=y,suspend=n,address=127.0.0.1:56804
Begin MonoManager ReloadAssembly
Registering precompiled unity dll's ...
Register platform support module: C:/Program Files/Unity/Hub/Editor/2021.3.17f1-x86_64/Editor/Data/PlaybackEngines/WebGLSupport/UnityEditor.WebGL.Extensions.dll
Register platform support module: C:/Program Files/Unity/Hub/Editor/2021.3.17f1-x86_64/Editor/Data/PlaybackEngines/WindowsStandaloneSupport/UnityEditor.WindowsStandalone.Extensions.dll
Registered in 0.008387 seconds.
Native extension for WindowsStandalone target not found
Native extension for WebGL target not found
Refreshing native plugins compatible for Editor in 146.86 ms, found 4 plugins.
Preloading 0 native plugins for Editor in 0.00 ms.
Mono: successfully reloaded assembly
- Completed reload, in  0.883 seconds
Domain Reload Profiling:
	ReloadAssembly (884ms)
		BeginReloadAssembly (100ms)
			ExecutionOrderSort (0ms)
			DisableScriptedObjects (0ms)
			BackupInstance (0ms)
			ReleaseScriptingObjects (0ms)
			CreateAndSetChildDomain (1ms)
		EndReloadAssembly (640ms)
			LoadAssemblies (97ms)
			RebuildTransferFunctionScriptingTraits (0ms)
			SetupTypeCache (140ms)
			ReleaseScriptCaches (0ms)
			RebuildScriptCaches (40ms)
			SetupLoadedEditorAssemblies (390ms)
				LogAssemblyErrors (0ms)
				InitializePlatformSupportModulesInManaged (12ms)
				SetLoadedEditorAssemblies (0ms)
				RefreshPlugins (147ms)
				BeforeProcessingInitializeOnLoad (2ms)
				ProcessInitializeOnLoadAttributes (175ms)
				ProcessInitializeOnLoadMethodAttributes (55ms)
				AfterProcessingInitializeOnLoad (0ms)
				EditorAssembliesLoaded (0ms)
			ExecutionOrderSort2 (0ms)
			AwakeInstancesAfterBackupRestoration (0ms)
Platform modules already initialized, skipping
Registering precompiled user dll's ...
Registered in 0.013290 seconds.
Begin MonoManager ReloadAssembly
Symbol file LoadedFromMemory doesn't match image C:\Users\Austi\Desktop\Git2\testtrivia\MysteryTriviaCOPY\Library\PackageCache\com.unity.visualscripting@1.8.0\Editor\VisualScripting.Core\Dependencies\DotNetZip\Unity.VisualScripting.IonicZip.dll
Symbol file LoadedFromMemory doesn't match image C:\Users\Austi\Desktop\Git2\testtrivia\MysteryTriviaCOPY\Library\PackageCache\com.unity.visualscripting@1.8.0\Editor\VisualScripting.Core\Dependencies\YamlDotNet\Unity.VisualScripting.YamlDotNet.dll
Native extension for WindowsStandalone target not found
Native extension for WebGL target not found
Refreshing native plugins compatible for Editor in 157.82 ms, found 4 plugins.
Preloading 0 native plugins for Editor in 0.00 ms.
Mono: successfully reloaded assembly
- Completed reload, in 11.853 seconds
Domain Reload Profiling:
	ReloadAssembly (11854ms)
		BeginReloadAssembly (154ms)
			ExecutionOrderSort (0ms)
			DisableScriptedObjects (8ms)
			BackupInstance (0ms)
			ReleaseScriptingObjects (0ms)
			CreateAndSetChildDomain (28ms)
		EndReloadAssembly (11544ms)
			LoadAssemblies (6893ms)
			RebuildTransferFunctionScriptingTraits (0ms)
			SetupTypeCache (1117ms)
			ReleaseScriptCaches (1ms)
			RebuildScriptCaches (90ms)
			SetupLoadedEditorAssemblies (3386ms)
				LogAssemblyErrors (0ms)
				InitializePlatformSupportModulesInManaged (8ms)
				SetLoadedEditorAssemblies (0ms)
				RefreshPlugins (158ms)
				BeforeProcessingInitializeOnLoad (138ms)
				ProcessInitializeOnLoadAttributes (1238ms)
				ProcessInitializeOnLoadMethodAttributes (1835ms)
				AfterProcessingInitializeOnLoad (10ms)
				EditorAssembliesLoaded (0ms)
			ExecutionOrderSort2 (0ms)
			AwakeInstancesAfterBackupRestoration (7ms)
Platform modules already initialized, skipping
========================================================================
Worker process is ready to serve import requests
Launched and connected shader compiler UnityShaderCompiler.exe after 0.27 seconds
Refreshing native plugins compatible for Editor in 2.80 ms, found 4 plugins.
Preloading 0 native plugins for Editor in 0.00 ms.
Unloading 4485 Unused Serialized files (Serialized files now loaded: 0)
Unloading 126 unused Assets / (108.5 KB). Loaded Objects now: 4900.
Memory consumption went from 182.9 MB to 182.8 MB.
Total: 3.960300 ms (FindLiveObjects: 0.411900 ms CreateObjectMapping: 0.192900 ms MarkObjects: 3.249600 ms  DeleteObjects: 0.102900 ms)

AssetImportParameters requested are different than current active one (requested -> active):
  custom:video-decoder-ogg-theora: a1e56fd34408186e4bbccfd4996cb3dc -> 
  custom:container-muxer-webm: aa71ff27fc2769a1b78a27578f13a17b -> 
  custom:container-demuxer-webm: 4f35f7cbe854078d1ac9338744f61a02 -> 
  custom:video-encoder-webm-vp8: eb34c28f22e8b96e1ab97ce403110664 -> 
  custom:video-codec-MediaFoundation-h265: 746d11721c4dcdbdad8f713fa42b33f4 -> 
  custom:audio-encoder-webm-vorbis: bf7c407c2cedff20999df2af8eb42d56 -> 
  custom:framework-win-MediaFoundation: 216162199b28c13a410421893ffa2e32 -> 
  custom:container-demuxer-ogg: 62fdf1f143b41e24485cea50d1cbac27 -> 
  custom:video-decoder-webm-vp8: 9c59270c3fd7afecdb556c50c9e8de78 -> 
  custom:audio-decoder-ogg-vorbis: bf7c407c2cedff20999df2af8eb42d56 -> 
========================================================================
Received Import Request.
  Time since last request: 23985.522829 seconds.
  path: Assets/Scenes/AustinMaze2.unity
  artifactKey: Guid(4c1656289d79efb46875394981b81690) Importer(815301076,1909f56bfc062723c751e8b465ee728b)
Start importing Assets/Scenes/AustinMaze2.unity using Guid(4c1656289d79efb46875394981b81690) Importer(815301076,1909f56bfc062723c751e8b465ee728b)  -> (artifact id: '2e74e28f11a6723fd983d9347b822741') in 0.098992 seconds 
========================================================================
Received Import Request.
  Time since last request: 1183.038848 seconds.
  path: Assets/Scenes/AustinMaze15.unity
  artifactKey: Guid(d958bf70851ed264bb21eebfb49e8464) Importer(815301076,1909f56bfc062723c751e8b465ee728b)
Start importing Assets/Scenes/AustinMaze15.unity using Guid(d958bf70851ed264bb21eebfb49e8464) Importer(815301076,1909f56bfc062723c751e8b465ee728b)  -> (artifact id: 'ee48f1d534d8173ad791627f79a0cad4') in 0.051435 seconds 
========================================================================
Received Import Request.
  Time since last request: 743.173223 seconds.
  path: Assets/Scenes/AustinMaze3.unity
  artifactKey: Guid(7cf2c24b22b951948a8a1ff0eb58efff) Importer(815301076,1909f56bfc062723c751e8b465ee728b)
Start importing Assets/Scenes/AustinMaze3.unity using Guid(7cf2c24b22b951948a8a1ff0eb58efff) Importer(815301076,1909f56bfc062723c751e8b465ee728b)  -> (artifact id: '3e8939b8d2bfa20f11222288ddd6bcdd') in 0.025632 seconds 
========================================================================
Received Import Request.
  Time since last request: 1088.301479 seconds.
  path: Assets/Scenes/AustinMaze3.unity
  artifactKey: Guid(7cf2c24b22b951948a8a1ff0eb58efff) Importer(815301076,1909f56bfc062723c751e8b465ee728b)
Start importing Assets/Scenes/AustinMaze3.unity using Guid(7cf2c24b22b951948a8a1ff0eb58efff) Importer(815301076,1909f56bfc062723c751e8b465ee728b)  -> (artifact id: '4f57e1a904b7e750e97db9b9dc686085') in 0.005018 seconds 
========================================================================
Received Import Request.
  Time since last request: 418.642637 seconds.
  path: Assets/Scenes/AustinMaze3.unity
  artifactKey: Guid(7cf2c24b22b951948a8a1ff0eb58efff) Importer(815301076,1909f56bfc062723c751e8b465ee728b)
Start importing Assets/Scenes/AustinMaze3.unity using Guid(7cf2c24b22b951948a8a1ff0eb58efff) Importer(815301076,1909f56bfc062723c751e8b465ee728b)  -> (artifact id: '13cd2df45e45bcbc9669f20171e1bad2') in 0.003994 seconds 
========================================================================
Received Import Request.
  Time since last request: 53.188131 seconds.
  path: Assets/Scenes/AustinMaze3.unity
  artifactKey: Guid(7cf2c24b22b951948a8a1ff0eb58efff) Importer(815301076,1909f56bfc062723c751e8b465ee728b)
Start importing Assets/Scenes/AustinMaze3.unity using Guid(7cf2c24b22b951948a8a1ff0eb58efff) Importer(815301076,1909f56bfc062723c751e8b465ee728b)  -> (artifact id: '48b8fd7b640dd171cdf2088c4fef4a86') in 0.003170 seconds 
========================================================================
Received Prepare
Registering precompiled user dll's ...
Registered in 0.014205 seconds.
Begin MonoManager ReloadAssembly
Symbol file LoadedFromMemory doesn't match image C:\Users\Austi\Desktop\Git2\testtrivia\MysteryTriviaCOPY\Library\PackageCache\com.unity.visualscripting@1.8.0\Editor\VisualScripting.Core\Dependencies\DotNetZip\Unity.VisualScripting.IonicZip.dll
Symbol file LoadedFromMemory doesn't match image C:\Users\Austi\Desktop\Git2\testtrivia\MysteryTriviaCOPY\Library\PackageCache\com.unity.visualscripting@1.8.0\Editor\VisualScripting.Core\Dependencies\YamlDotNet\Unity.VisualScripting.YamlDotNet.dll
Native extension for WindowsStandalone target not found
Native extension for WebGL target not found
Refreshing native plugins compatible for Editor in 3.14 ms, found 4 plugins.
Preloading 0 native plugins for Editor in 0.00 ms.
Mono: successfully reloaded assembly
- Completed reload, in  1.860 seconds
Domain Reload Profiling:
	ReloadAssembly (1861ms)
		BeginReloadAssembly (192ms)
			ExecutionOrderSort (0ms)
			DisableScriptedObjects (11ms)
			BackupInstance (0ms)
			ReleaseScriptingObjects (0ms)
			CreateAndSetChildDomain (63ms)
		EndReloadAssembly (1518ms)
			LoadAssemblies (134ms)
			RebuildTransferFunctionScriptingTraits (1ms)
			SetupTypeCache (377ms)
			ReleaseScriptCaches (2ms)
			RebuildScriptCaches (77ms)
			SetupLoadedEditorAssemblies (853ms)
				LogAssemblyErrors (0ms)
				InitializePlatformSupportModulesInManaged (19ms)
				SetLoadedEditorAssemblies (1ms)
				RefreshPlugins (3ms)
				BeforeProcessingInitializeOnLoad (127ms)
				ProcessInitializeOnLoadAttributes (638ms)
				ProcessInitializeOnLoadMethodAttributes (50ms)
				AfterProcessingInitializeOnLoad (15ms)
				EditorAssembliesLoaded (0ms)
			ExecutionOrderSort2 (0ms)
			AwakeInstancesAfterBackupRestoration (16ms)
Platform modules already initialized, skipping
Refreshing native plugins compatible for Editor in 16.51 ms, found 4 plugins.
Preloading 0 native plugins for Editor in 0.00 ms.
Unloading 4458 Unused Serialized files (Serialized files now loaded: 0)
Unloading 101 unused Assets / (100.8 KB). Loaded Objects now: 4916.
Memory consumption went from 180.0 MB to 179.9 MB.
Total: 6.459000 ms (FindLiveObjects: 0.428900 ms CreateObjectMapping: 0.357000 ms MarkObjects: 5.588800 ms  DeleteObjects: 0.083000 ms)

AssetImportParameters requested are different than current active one (requested -> active):
  custom:video-decoder-ogg-theora: a1e56fd34408186e4bbccfd4996cb3dc -> 
  custom:container-muxer-webm: aa71ff27fc2769a1b78a27578f13a17b -> 
  custom:container-demuxer-webm: 4f35f7cbe854078d1ac9338744f61a02 -> 
  custom:video-encoder-webm-vp8: eb34c28f22e8b96e1ab97ce403110664 -> 
  custom:video-codec-MediaFoundation-h265: 746d11721c4dcdbdad8f713fa42b33f4 -> 
  custom:audio-encoder-webm-vorbis: bf7c407c2cedff20999df2af8eb42d56 -> 
  custom:framework-win-MediaFoundation: 216162199b28c13a410421893ffa2e32 -> 
  custom:container-demuxer-ogg: 62fdf1f143b41e24485cea50d1cbac27 -> 
  custom:video-decoder-webm-vp8: 9c59270c3fd7afecdb556c50c9e8de78 -> 
  custom:audio-decoder-ogg-vorbis: bf7c407c2cedff20999df2af8eb42d56 -> 
========================================================================
Received Prepare
Registering precompiled user dll's ...
Registered in 0.019653 seconds.
Begin MonoManager ReloadAssembly
Symbol file LoadedFromMemory doesn't match image C:\Users\Austi\Desktop\Git2\testtrivia\MysteryTriviaCOPY\Library\PackageCache\com.unity.visualscripting@1.8.0\Editor\VisualScripting.Core\Dependencies\DotNetZip\Unity.VisualScripting.IonicZip.dll
Symbol file LoadedFromMemory doesn't match image C:\Users\Austi\Desktop\Git2\testtrivia\MysteryTriviaCOPY\Library\PackageCache\com.unity.visualscripting@1.8.0\Editor\VisualScripting.Core\Dependencies\YamlDotNet\Unity.VisualScripting.YamlDotNet.dll
Native extension for WindowsStandalone target not found
Native extension for WebGL target not found
Refreshing native plugins compatible for Editor in 2.65 ms, found 4 plugins.
Preloading 0 native plugins for Editor in 0.00 ms.
Mono: successfully reloaded assembly
- Completed reload, in  1.988 seconds
Domain Reload Profiling:
	ReloadAssembly (1989ms)
		BeginReloadAssembly (194ms)
			ExecutionOrderSort (0ms)
			DisableScriptedObjects (10ms)
			BackupInstance (0ms)
			ReleaseScriptingObjects (0ms)
			CreateAndSetChildDomain (62ms)
		EndReloadAssembly (1653ms)
			LoadAssemblies (137ms)
			RebuildTransferFunctionScriptingTraits (0ms)
			SetupTypeCache (423ms)
			ReleaseScriptCaches (3ms)
			RebuildScriptCaches (86ms)
			SetupLoadedEditorAssemblies (914ms)
				LogAssemblyErrors (0ms)
				InitializePlatformSupportModulesInManaged (21ms)
				SetLoadedEditorAssemblies (1ms)
				RefreshPlugins (3ms)
				BeforeProcessingInitializeOnLoad (125ms)
				ProcessInitializeOnLoadAttributes (693ms)
				ProcessInitializeOnLoadMethodAttributes (60ms)
				AfterProcessingInitializeOnLoad (12ms)
				EditorAssembliesLoaded (0ms)
			ExecutionOrderSort2 (0ms)
			AwakeInstancesAfterBackupRestoration (15ms)
Platform modules already initialized, skipping
Refreshing native plugins compatible for Editor in 15.15 ms, found 4 plugins.
Preloading 0 native plugins for Editor in 0.00 ms.
Unloading 4458 Unused Serialized files (Serialized files now loaded: 0)
Unloading 101 unused Assets / (100.9 KB). Loaded Objects now: 4932.
Memory consumption went from 180.0 MB to 179.9 MB.
Total: 4.937500 ms (FindLiveObjects: 0.593400 ms CreateObjectMapping: 0.328600 ms MarkObjects: 3.932100 ms  DeleteObjects: 0.082400 ms)

AssetImportParameters requested are different than current active one (requested -> active):
  custom:video-decoder-ogg-theora: a1e56fd34408186e4bbccfd4996cb3dc -> 
  custom:container-muxer-webm: aa71ff27fc2769a1b78a27578f13a17b -> 
  custom:container-demuxer-webm: 4f35f7cbe854078d1ac9338744f61a02 -> 
  custom:video-encoder-webm-vp8: eb34c28f22e8b96e1ab97ce403110664 -> 
  custom:video-codec-MediaFoundation-h265: 746d11721c4dcdbdad8f713fa42b33f4 -> 
  custom:audio-encoder-webm-vorbis: bf7c407c2cedff20999df2af8eb42d56 -> 
  custom:framework-win-MediaFoundation: 216162199b28c13a410421893ffa2e32 -> 
  custom:container-demuxer-ogg: 62fdf1f143b41e24485cea50d1cbac27 -> 
  custom:video-decoder-webm-vp8: 9c59270c3fd7afecdb556c50c9e8de78 -> 
  custom:audio-decoder-ogg-vorbis: bf7c407c2cedff20999df2af8eb42d56 -> 
========================================================================
Received Import Request.
  Time since last request: 730.106674 seconds.
  path: Assets/Scenes/AustinMaze3.unity
  artifactKey: Guid(7cf2c24b22b951948a8a1ff0eb58efff) Importer(815301076,1909f56bfc062723c751e8b465ee728b)
Start importing Assets/Scenes/AustinMaze3.unity using Guid(7cf2c24b22b951948a8a1ff0eb58efff) Importer(815301076,1909f56bfc062723c751e8b465ee728b)  -> (artifact id: '8c77baec433bc78983af292d540392b5') in 0.016461 seconds 
========================================================================
Received Import Request.
  Time since last request: 2538.246283 seconds.
  path: Assets/Scenes/AustinMaze3.unity
  artifactKey: Guid(7cf2c24b22b951948a8a1ff0eb58efff) Importer(815301076,1909f56bfc062723c751e8b465ee728b)
Start importing Assets/Scenes/AustinMaze3.unity using Guid(7cf2c24b22b951948a8a1ff0eb58efff) Importer(815301076,1909f56bfc062723c751e8b465ee728b)  -> (artifact id: '033b328a3b17979191e9e6eb4bb2347d') in 0.004517 seconds 
========================================================================
Received Prepare
Registering precompiled user dll's ...
Registered in 0.012186 seconds.
Begin MonoManager ReloadAssembly
Symbol file LoadedFromMemory doesn't match image C:\Users\Austi\Desktop\Git2\testtrivia\MysteryTriviaCOPY\Library\PackageCache\com.unity.visualscripting@1.8.0\Editor\VisualScripting.Core\Dependencies\DotNetZip\Unity.VisualScripting.IonicZip.dll
Symbol file LoadedFromMemory doesn't match image C:\Users\Austi\Desktop\Git2\testtrivia\MysteryTriviaCOPY\Library\PackageCache\com.unity.visualscripting@1.8.0\Editor\VisualScripting.Core\Dependencies\YamlDotNet\Unity.VisualScripting.YamlDotNet.dll
Native extension for WindowsStandalone target not found
Native extension for WebGL target not found
Refreshing native plugins compatible for Editor in 2.78 ms, found 4 plugins.
Preloading 0 native plugins for Editor in 0.00 ms.
Mono: successfully reloaded assembly
- Completed reload, in  2.131 seconds
Domain Reload Profiling:
	ReloadAssembly (2132ms)
		BeginReloadAssembly (204ms)
			ExecutionOrderSort (0ms)
			DisableScriptedObjects (9ms)
			BackupInstance (0ms)
			ReleaseScriptingObjects (0ms)
			CreateAndSetChildDomain (73ms)
		EndReloadAssembly (1763ms)
			LoadAssemblies (164ms)
			RebuildTransferFunctionScriptingTraits (0ms)
			SetupTypeCache (442ms)
			ReleaseScriptCaches (2ms)
			RebuildScriptCaches (87ms)
			SetupLoadedEditorAssemblies (970ms)
				LogAssemblyErrors (0ms)
				InitializePlatformSupportModulesInManaged (21ms)
				SetLoadedEditorAssemblies (1ms)
				RefreshPlugins (3ms)
				BeforeProcessingInitializeOnLoad (132ms)
				ProcessInitializeOnLoadAttributes (737ms)
				ProcessInitializeOnLoadMethodAttributes (61ms)
				AfterProcessingInitializeOnLoad (15ms)
				EditorAssembliesLoaded (0ms)
			ExecutionOrderSort2 (0ms)
			AwakeInstancesAfterBackupRestoration (17ms)
Platform modules already initialized, skipping
Refreshing native plugins compatible for Editor in 15.42 ms, found 4 plugins.
Preloading 0 native plugins for Editor in 0.00 ms.
Unloading 4458 Unused Serialized files (Serialized files now loaded: 0)
Unloading 101 unused Assets / (100.8 KB). Loaded Objects now: 4948.
Memory consumption went from 180.1 MB to 180.0 MB.
Total: 6.442000 ms (FindLiveObjects: 0.563700 ms CreateObjectMapping: 0.317600 ms MarkObjects: 5.459100 ms  DeleteObjects: 0.100400 ms)

AssetImportParameters requested are different than current active one (requested -> active):
  custom:video-decoder-ogg-theora: a1e56fd34408186e4bbccfd4996cb3dc -> 
  custom:container-muxer-webm: aa71ff27fc2769a1b78a27578f13a17b -> 
  custom:container-demuxer-webm: 4f35f7cbe854078d1ac9338744f61a02 -> 
  custom:video-encoder-webm-vp8: eb34c28f22e8b96e1ab97ce403110664 -> 
  custom:video-codec-MediaFoundation-h265: 746d11721c4dcdbdad8f713fa42b33f4 -> 
  custom:audio-encoder-webm-vorbis: bf7c407c2cedff20999df2af8eb42d56 -> 
  custom:framework-win-MediaFoundation: 216162199b28c13a410421893ffa2e32 -> 
  custom:container-demuxer-ogg: 62fdf1f143b41e24485cea50d1cbac27 -> 
  custom:video-decoder-webm-vp8: 9c59270c3fd7afecdb556c50c9e8de78 -> 
  custom:audio-decoder-ogg-vorbis: bf7c407c2cedff20999df2af8eb42d56 -> 
========================================================================
Received Import Request.
  Time since last request: 643.966165 seconds.
  path: Assets/Scenes/AustinMaze4.unity
  artifactKey: Guid(ce4c736e536642246a32c9f910275bf7) Importer(815301076,1909f56bfc062723c751e8b465ee728b)
Start importing Assets/Scenes/AustinMaze4.unity using Guid(ce4c736e536642246a32c9f910275bf7) Importer(815301076,1909f56bfc062723c751e8b465ee728b)  -> (artifact id: '9dca0c5e8018302484a65648ec2a31f9') in 0.039657 seconds 
========================================================================
Received Import Request.
  Time since last request: 2.324110 seconds.
  path: Assets/Scenes/AustinMaze3.unity
  artifactKey: Guid(7cf2c24b22b951948a8a1ff0eb58efff) Importer(815301076,1909f56bfc062723c751e8b465ee728b)
Start importing Assets/Scenes/AustinMaze3.unity using Guid(7cf2c24b22b951948a8a1ff0eb58efff) Importer(815301076,1909f56bfc062723c751e8b465ee728b)  -> (artifact id: '5244b6798eb47fed4406c2139780e766') in 0.003214 seconds 
========================================================================
Received Import Request.
  Time since last request: 40.221683 seconds.
  path: Assets/Scenes/AustinMaze4.unity
  artifactKey: Guid(ce4c736e536642246a32c9f910275bf7) Importer(815301076,1909f56bfc062723c751e8b465ee728b)
Start importing Assets/Scenes/AustinMaze4.unity using Guid(ce4c736e536642246a32c9f910275bf7) Importer(815301076,1909f56bfc062723c751e8b465ee728b)  -> (artifact id: '67f60d60f8e1d3b1d4f0350a263b0980') in 0.003704 seconds 
========================================================================
Received Import Request.
  Time since last request: 308.899181 seconds.
  path: Assets/Scenes/AustinMaze4.unity
  artifactKey: Guid(ce4c736e536642246a32c9f910275bf7) Importer(815301076,1909f56bfc062723c751e8b465ee728b)
Start importing Assets/Scenes/AustinMaze4.unity using Guid(ce4c736e536642246a32c9f910275bf7) Importer(815301076,1909f56bfc062723c751e8b465ee728b)  -> (artifact id: 'b7f920b201f3d346d3cf7848c815112b') in 0.003541 seconds 
========================================================================
Received Import Request.
  Time since last request: 123.704877 seconds.
  path: Assets/Scenes/AustinMaze4.unity
  artifactKey: Guid(ce4c736e536642246a32c9f910275bf7) Importer(815301076,1909f56bfc062723c751e8b465ee728b)
Start importing Assets/Scenes/AustinMaze4.unity using Guid(ce4c736e536642246a32c9f910275bf7) Importer(815301076,1909f56bfc062723c751e8b465ee728b)  -> (artifact id: 'a937bad462f59f9f860ed2a4eeb6871d') in 0.003609 seconds 
========================================================================
Received Import Request.
  Time since last request: 4380.068005 seconds.
  path: Assets/Scenes/AustinMaze4.unity
  artifactKey: Guid(ce4c736e536642246a32c9f910275bf7) Importer(815301076,1909f56bfc062723c751e8b465ee728b)
Start importing Assets/Scenes/AustinMaze4.unity using Guid(ce4c736e536642246a32c9f910275bf7) Importer(815301076,1909f56bfc062723c751e8b465ee728b)  -> (artifact id: 'de0ffaa2c480f6ada9e25eeb7db15b98') in 0.011772 seconds 
========================================================================
Received Import Request.
  Time since last request: 1072.112067 seconds.
  path: Assets/Scenes/AustinMaze5.unity
  artifactKey: Guid(a4a6e263c0b55344fb91d412b7e422ca) Importer(815301076,1909f56bfc062723c751e8b465ee728b)
Start importing Assets/Scenes/AustinMaze5.unity using Guid(a4a6e263c0b55344fb91d412b7e422ca) Importer(815301076,1909f56bfc062723c751e8b465ee728b)  -> (artifact id: '74e2028f9ad7d0d3fa249f855e6c5647') in 0.025358 seconds 
========================================================================
Received Import Request.
  Time since last request: 278.000946 seconds.
  path: Assets/Scenes/AustinMaze5.unity
  artifactKey: Guid(a4a6e263c0b55344fb91d412b7e422ca) Importer(815301076,1909f56bfc062723c751e8b465ee728b)
Start importing Assets/Scenes/AustinMaze5.unity using Guid(a4a6e263c0b55344fb91d412b7e422ca) Importer(815301076,1909f56bfc062723c751e8b465ee728b)  -> (artifact id: '8d9a359e1483489a143d067f7078ac2c') in 0.004132 seconds 
========================================================================
Received Import Request.
  Time since last request: 1716.625043 seconds.
  path: Assets/Scenes/AustinMaze5.unity
  artifactKey: Guid(a4a6e263c0b55344fb91d412b7e422ca) Importer(815301076,1909f56bfc062723c751e8b465ee728b)
Start importing Assets/Scenes/AustinMaze5.unity using Guid(a4a6e263c0b55344fb91d412b7e422ca) Importer(815301076,1909f56bfc062723c751e8b465ee728b)  -> (artifact id: '19e4e75b30dcbdb62b6d27aedad92dbf') in 0.002797 seconds 
========================================================================
Received Import Request.
  Time since last request: 1115.458757 seconds.
  path: Assets/Scenes/AustinMaze6.unity
  artifactKey: Guid(a727a0555adce914fb25e251bda55e58) Importer(815301076,1909f56bfc062723c751e8b465ee728b)
Start importing Assets/Scenes/AustinMaze6.unity using Guid(a727a0555adce914fb25e251bda55e58) Importer(815301076,1909f56bfc062723c751e8b465ee728b)  -> (artifact id: 'd0de2bed971dc820ce0bbbaac5435dc1') in 0.008609 seconds 
========================================================================
Received Import Request.
  Time since last request: 823.926444 seconds.
  path: Assets/Scenes/AustinMaze6.unity
  artifactKey: Guid(a727a0555adce914fb25e251bda55e58) Importer(815301076,1909f56bfc062723c751e8b465ee728b)
Start importing Assets/Scenes/AustinMaze6.unity using Guid(a727a0555adce914fb25e251bda55e58) Importer(815301076,1909f56bfc062723c751e8b465ee728b)  -> (artifact id: 'd057bea619b79d5cf8a3d4a9a322b051') in 0.003498 seconds 
========================================================================
Received Import Request.
  Time since last request: 117.013618 seconds.
  path: Assets/Scenes/AustinMaze6.unity
  artifactKey: Guid(a727a0555adce914fb25e251bda55e58) Importer(815301076,1909f56bfc062723c751e8b465ee728b)
Start importing Assets/Scenes/AustinMaze6.unity using Guid(a727a0555adce914fb25e251bda55e58) Importer(815301076,1909f56bfc062723c751e8b465ee728b)  -> (artifact id: 'f58d79255c0e50b8bdee4fdc92fffadc') in 0.005666 seconds 
========================================================================
Received Import Request.
  Time since last request: 528.989870 seconds.
  path: Assets/Scenes/AustinMaze6.unity
  artifactKey: Guid(a727a0555adce914fb25e251bda55e58) Importer(815301076,1909f56bfc062723c751e8b465ee728b)
Start importing Assets/Scenes/AustinMaze6.unity using Guid(a727a0555adce914fb25e251bda55e58) Importer(815301076,1909f56bfc062723c751e8b465ee728b)  -> (artifact id: '9fd350afc326db44c29a83b7b84f1e49') in 0.003822 seconds 
========================================================================
Received Import Request.
  Time since last request: 3092.592832 seconds.
  path: Assets/Scenes/AustinMaze7.unity
  artifactKey: Guid(6fbb24734b433c64e95a847071d7824a) Importer(815301076,1909f56bfc062723c751e8b465ee728b)
Start importing Assets/Scenes/AustinMaze7.unity using Guid(6fbb24734b433c64e95a847071d7824a) Importer(815301076,1909f56bfc062723c751e8b465ee728b)  -> (artifact id: '40cc3fda183d2e7150f57ebc7b518ccb') in 0.031262 seconds 
========================================================================
Received Import Request.
  Time since last request: 1748.660893 seconds.
  path: Assets/Scenes/AustinMaze7.unity
  artifactKey: Guid(6fbb24734b433c64e95a847071d7824a) Importer(815301076,1909f56bfc062723c751e8b465ee728b)
Start importing Assets/Scenes/AustinMaze7.unity using Guid(6fbb24734b433c64e95a847071d7824a) Importer(815301076,1909f56bfc062723c751e8b465ee728b)  -> (artifact id: 'e539fd30641614ac5652eb8ff61ffa78') in 0.003432 seconds 
========================================================================
Received Import Request.
  Time since last request: 291.468596 seconds.
  path: Assets/Scenes/AustinMaze7.unity
  artifactKey: Guid(6fbb24734b433c64e95a847071d7824a) Importer(815301076,1909f56bfc062723c751e8b465ee728b)
Start importing Assets/Scenes/AustinMaze7.unity using Guid(6fbb24734b433c64e95a847071d7824a) Importer(815301076,1909f56bfc062723c751e8b465ee728b)  -> (artifact id: 'b7dd2cb45d6caf6948359fa3bef35ffa') in 0.010342 seconds 
