Using pre-set license
Built from '2021.3/release' branch; Version is '2021.3.17f1 (3e8111cac19d) revision 4096273'; Using compiler version '192829333'; Build Type 'Release'
OS: 'Windows 10  (10.0.18363) 64bit Professional' Language: 'en' Physical Memory: 16321 MB
BatchMode: 1, IsHumanControllingUs: 0, StartBugReporterOnCrash: 0, Is64bit: 1, IsPro: 1

COMMAND LINE ARGUMENTS:
C:\Program Files\Unity\Hub\Editor\2021.3.17f1-x86_64\Editor\Unity.exe
-adb2
-batchMode
-noUpm
-name
AssetImportWorker2
-projectPath
C:/Users/Austi/Desktop/Git2/testtrivia/MysteryTriviaCOPY
-logFile
Logs/AssetImportWorker2.log
-srvPort
65241
Successfully changed project path to: C:/Users/Austi/Desktop/Git2/testtrivia/MysteryTriviaCOPY
C:/Users/Austi/Desktop/Git2/testtrivia/MysteryTriviaCOPY
[UnityMemory] Configuration Parameters - Can be set up in boot.config
    "memorysetup-bucket-allocator-granularity=16"
    "memorysetup-bucket-allocator-bucket-count=8"
    "memorysetup-bucket-allocator-block-size=33554432"
    "memorysetup-bucket-allocator-block-count=8"
    "memorysetup-main-allocator-block-size=16777216"
    "memorysetup-thread-allocator-block-size=16777216"
    "memorysetup-gfx-main-allocator-block-size=16777216"
    "memorysetup-gfx-thread-allocator-block-size=16777216"
    "memorysetup-cache-allocator-block-size=4194304"
    "memorysetup-typetree-allocator-block-size=2097152"
    "memorysetup-profiler-bucket-allocator-granularity=16"
    "memorysetup-profiler-bucket-allocator-bucket-count=8"
    "memorysetup-profiler-bucket-allocator-block-size=33554432"
    "memorysetup-profiler-bucket-allocator-block-count=8"
    "memorysetup-profiler-allocator-block-size=16777216"
    "memorysetup-profiler-editor-allocator-block-size=1048576"
    "memorysetup-temp-allocator-size-main=16777216"
    "memorysetup-job-temp-allocator-block-size=2097152"
    "memorysetup-job-temp-allocator-block-size-background=1048576"
    "memorysetup-job-temp-allocator-reduction-small-platforms=262144"
    "memorysetup-temp-allocator-size-background-worker=32768"
    "memorysetup-temp-allocator-size-job-worker=262144"
    "memorysetup-temp-allocator-size-preload-manager=33554432"
    "memorysetup-temp-allocator-size-nav-mesh-worker=65536"
    "memorysetup-temp-allocator-size-audio-worker=65536"
    "memorysetup-temp-allocator-size-cloud-worker=32768"
    "memorysetup-temp-allocator-size-gi-baking-worker=262144"
    "memorysetup-temp-allocator-size-gfx=262144"
Player connection [17332] Host "[IP] 192.168.1.141 [Port] 0 [Flags] 2 [Guid] 3763381779 [EditorId] 3763381779 [Version] 1048832 [Id] WindowsEditor(7,DESKTOP-OJRP30C) [Debug] 1 [PackageName] WindowsEditor [ProjectName] Editor" joined multi-casting on [225.0.0.222:54997]...

Player connection [17332] Host "[IP] 192.168.1.141 [Port] 0 [Flags] 2 [Guid] 3763381779 [EditorId] 3763381779 [Version] 1048832 [Id] WindowsEditor(7,DESKTOP-OJRP30C) [Debug] 1 [PackageName] WindowsEditor [ProjectName] Editor" joined alternative multi-casting on [225.0.0.222:34997]...

Refreshing native plugins compatible for Editor in 198.09 ms, found 4 plugins.
Preloading 0 native plugins for Editor in 0.00 ms.
Initialize engine version: 2021.3.17f1 (3e8111cac19d)
[Subsystems] Discovering subsystems at path C:/Program Files/Unity/Hub/Editor/2021.3.17f1-x86_64/Editor/Data/Resources/UnitySubsystems
[Subsystems] Discovering subsystems at path C:/Users/Austi/Desktop/Git2/testtrivia/MysteryTriviaCOPY/Assets
GfxDevice: creating device client; threaded=0; jobified=0
Direct3D:
    Version:  Direct3D 11.0 [level 11.1]
    Renderer: NVIDIA GeForce GTX 1080 (ID=0x1b80)
    Vendor:   NVIDIA
    VRAM:     8079 MB
    Driver:   31.0.15.1694
Initialize mono
Mono path[0] = 'C:/Program Files/Unity/Hub/Editor/2021.3.17f1-x86_64/Editor/Data/Managed'
Mono path[1] = 'C:/Program Files/Unity/Hub/Editor/2021.3.17f1-x86_64/Editor/Data/MonoBleedingEdge/lib/mono/unityjit-win32'
Mono config path = 'C:/Program Files/Unity/Hub/Editor/2021.3.17f1-x86_64/Editor/Data/MonoBleedingEdge/etc'
Using monoOptions --debugger-agent=transport=dt_socket,embedding=1,server=y,suspend=n,address=127.0.0.1:56596
Begin MonoManager ReloadAssembly
Registering precompiled unity dll's ...
Register platform support module: C:/Program Files/Unity/Hub/Editor/2021.3.17f1-x86_64/Editor/Data/PlaybackEngines/WebGLSupport/UnityEditor.WebGL.Extensions.dll
Register platform support module: C:/Program Files/Unity/Hub/Editor/2021.3.17f1-x86_64/Editor/Data/PlaybackEngines/WindowsStandaloneSupport/UnityEditor.WindowsStandalone.Extensions.dll
Registered in 0.020363 seconds.
Native extension for WindowsStandalone target not found
Native extension for WebGL target not found
Refreshing native plugins compatible for Editor in 135.39 ms, found 4 plugins.
Preloading 0 native plugins for Editor in 0.00 ms.
Mono: successfully reloaded assembly
- Completed reload, in  0.990 seconds
Domain Reload Profiling:
	ReloadAssembly (991ms)
		BeginReloadAssembly (130ms)
			ExecutionOrderSort (0ms)
			DisableScriptedObjects (0ms)
			BackupInstance (0ms)
			ReleaseScriptingObjects (0ms)
			CreateAndSetChildDomain (1ms)
		EndReloadAssembly (674ms)
			LoadAssemblies (125ms)
			RebuildTransferFunctionScriptingTraits (0ms)
			SetupTypeCache (145ms)
			ReleaseScriptCaches (0ms)
			RebuildScriptCaches (39ms)
			SetupLoadedEditorAssemblies (403ms)
				LogAssemblyErrors (0ms)
				InitializePlatformSupportModulesInManaged (15ms)
				SetLoadedEditorAssemblies (0ms)
				RefreshPlugins (135ms)
				BeforeProcessingInitializeOnLoad (1ms)
				ProcessInitializeOnLoadAttributes (187ms)
				ProcessInitializeOnLoadMethodAttributes (64ms)
				AfterProcessingInitializeOnLoad (0ms)
				EditorAssembliesLoaded (0ms)
			ExecutionOrderSort2 (0ms)
			AwakeInstancesAfterBackupRestoration (0ms)
Platform modules already initialized, skipping
Registering precompiled user dll's ...
Registered in 0.025080 seconds.
Begin MonoManager ReloadAssembly
Symbol file LoadedFromMemory doesn't match image C:\Users\Austi\Desktop\Git2\testtrivia\MysteryTriviaCOPY\Library\PackageCache\com.unity.visualscripting@1.8.0\Editor\VisualScripting.Core\Dependencies\DotNetZip\Unity.VisualScripting.IonicZip.dll
Symbol file LoadedFromMemory doesn't match image C:\Users\Austi\Desktop\Git2\testtrivia\MysteryTriviaCOPY\Library\PackageCache\com.unity.visualscripting@1.8.0\Editor\VisualScripting.Core\Dependencies\YamlDotNet\Unity.VisualScripting.YamlDotNet.dll
Native extension for WindowsStandalone target not found
Native extension for WebGL target not found
Refreshing native plugins compatible for Editor in 151.14 ms, found 4 plugins.
Preloading 0 native plugins for Editor in 0.00 ms.
Mono: successfully reloaded assembly
- Completed reload, in  2.591 seconds
Domain Reload Profiling:
	ReloadAssembly (2591ms)
		BeginReloadAssembly (176ms)
			ExecutionOrderSort (0ms)
			DisableScriptedObjects (8ms)
			BackupInstance (0ms)
			ReleaseScriptingObjects (0ms)
			CreateAndSetChildDomain (28ms)
		EndReloadAssembly (2232ms)
			LoadAssemblies (519ms)
			RebuildTransferFunctionScriptingTraits (0ms)
			SetupTypeCache (361ms)
			ReleaseScriptCaches (1ms)
			RebuildScriptCaches (88ms)
			SetupLoadedEditorAssemblies (1196ms)
				LogAssemblyErrors (0ms)
				InitializePlatformSupportModulesInManaged (14ms)
				SetLoadedEditorAssemblies (0ms)
				RefreshPlugins (151ms)
				BeforeProcessingInitializeOnLoad (157ms)
				ProcessInitializeOnLoadAttributes (786ms)
				ProcessInitializeOnLoadMethodAttributes (65ms)
				AfterProcessingInitializeOnLoad (21ms)
				EditorAssembliesLoaded (0ms)
			ExecutionOrderSort2 (0ms)
			AwakeInstancesAfterBackupRestoration (11ms)
Platform modules already initialized, skipping
========================================================================
Worker process is ready to serve import requests
Launched and connected shader compiler UnityShaderCompiler.exe after 0.13 seconds
Refreshing native plugins compatible for Editor in 1.51 ms, found 4 plugins.
Preloading 0 native plugins for Editor in 0.00 ms.
Unloading 4481 Unused Serialized files (Serialized files now loaded: 0)
Unloading 126 unused Assets / (108.5 KB). Loaded Objects now: 4896.
Memory consumption went from 182.5 MB to 182.4 MB.
Total: 4.984100 ms (FindLiveObjects: 0.490200 ms CreateObjectMapping: 0.203200 ms MarkObjects: 4.069400 ms  DeleteObjects: 0.220000 ms)

AssetImportParameters requested are different than current active one (requested -> active):
  custom:video-decoder-ogg-theora: a1e56fd34408186e4bbccfd4996cb3dc -> 
  custom:container-muxer-webm: aa71ff27fc2769a1b78a27578f13a17b -> 
  custom:container-demuxer-webm: 4f35f7cbe854078d1ac9338744f61a02 -> 
  custom:video-encoder-webm-vp8: eb34c28f22e8b96e1ab97ce403110664 -> 
  custom:video-codec-MediaFoundation-h265: 746d11721c4dcdbdad8f713fa42b33f4 -> 
  custom:audio-encoder-webm-vorbis: bf7c407c2cedff20999df2af8eb42d56 -> 
  custom:framework-win-MediaFoundation: 216162199b28c13a410421893ffa2e32 -> 
  custom:container-demuxer-ogg: 62fdf1f143b41e24485cea50d1cbac27 -> 
  custom:video-decoder-webm-vp8: 9c59270c3fd7afecdb556c50c9e8de78 -> 
  custom:audio-decoder-ogg-vorbis: bf7c407c2cedff20999df2af8eb42d56 -> 
========================================================================
Received Import Request.
  Time since last request: 5400.567302 seconds.
  path: Assets/Scenes/AustinMaze12.unity
  artifactKey: Guid(8419c68cc97207648ae924872594a20e) Importer(815301076,1909f56bfc062723c751e8b465ee728b)
Start importing Assets/Scenes/AustinMaze12.unity using Guid(8419c68cc97207648ae924872594a20e) Importer(815301076,1909f56bfc062723c751e8b465ee728b)  -> (artifact id: '3e6a3b04f12445e1062047bbf23b2062') in 0.012819 seconds 
========================================================================
Received Import Request.
  Time since last request: 469.518535 seconds.
  path: Assets/Scenes/AustinMaze12.unity
  artifactKey: Guid(8419c68cc97207648ae924872594a20e) Importer(815301076,1909f56bfc062723c751e8b465ee728b)
Start importing Assets/Scenes/AustinMaze12.unity using Guid(8419c68cc97207648ae924872594a20e) Importer(815301076,1909f56bfc062723c751e8b465ee728b)  -> (artifact id: '5cedb7ce4cf565c35f62b0bb6198b5b1') in 0.002856 seconds 
========================================================================
Received Prepare
Registering precompiled user dll's ...
Registered in 0.022279 seconds.
Begin MonoManager ReloadAssembly
Symbol file LoadedFromMemory doesn't match image C:\Users\Austi\Desktop\Git2\testtrivia\MysteryTriviaCOPY\Library\PackageCache\com.unity.visualscripting@1.8.0\Editor\VisualScripting.Core\Dependencies\DotNetZip\Unity.VisualScripting.IonicZip.dll
Symbol file LoadedFromMemory doesn't match image C:\Users\Austi\Desktop\Git2\testtrivia\MysteryTriviaCOPY\Library\PackageCache\com.unity.visualscripting@1.8.0\Editor\VisualScripting.Core\Dependencies\YamlDotNet\Unity.VisualScripting.YamlDotNet.dll
Native extension for WindowsStandalone target not found
Native extension for WebGL target not found
Refreshing native plugins compatible for Editor in 2.08 ms, found 4 plugins.
Preloading 0 native plugins for Editor in 0.00 ms.
Mono: successfully reloaded assembly
- Completed reload, in  2.223 seconds
Domain Reload Profiling:
	ReloadAssembly (2224ms)
		BeginReloadAssembly (234ms)
			ExecutionOrderSort (0ms)
			DisableScriptedObjects (8ms)
			BackupInstance (0ms)
			ReleaseScriptingObjects (0ms)
			CreateAndSetChildDomain (68ms)
		EndReloadAssembly (1815ms)
			LoadAssemblies (188ms)
			RebuildTransferFunctionScriptingTraits (0ms)
			SetupTypeCache (443ms)
			ReleaseScriptCaches (3ms)
			RebuildScriptCaches (83ms)
			SetupLoadedEditorAssemblies (1004ms)
				LogAssemblyErrors (0ms)
				InitializePlatformSupportModulesInManaged (27ms)
				SetLoadedEditorAssemblies (1ms)
				RefreshPlugins (2ms)
				BeforeProcessingInitializeOnLoad (151ms)
				ProcessInitializeOnLoadAttributes (740ms)
				ProcessInitializeOnLoadMethodAttributes (59ms)
				AfterProcessingInitializeOnLoad (23ms)
				EditorAssembliesLoaded (0ms)
			ExecutionOrderSort2 (0ms)
			AwakeInstancesAfterBackupRestoration (20ms)
Platform modules already initialized, skipping
Refreshing native plugins compatible for Editor in 22.73 ms, found 4 plugins.
Preloading 0 native plugins for Editor in 0.00 ms.
Unloading 4454 Unused Serialized files (Serialized files now loaded: 0)
Unloading 101 unused Assets / (100.9 KB). Loaded Objects now: 4912.
Memory consumption went from 179.9 MB to 179.8 MB.
Total: 6.691900 ms (FindLiveObjects: 0.418100 ms CreateObjectMapping: 0.219700 ms MarkObjects: 5.957800 ms  DeleteObjects: 0.094800 ms)

AssetImportParameters requested are different than current active one (requested -> active):
  custom:video-decoder-ogg-theora: a1e56fd34408186e4bbccfd4996cb3dc -> 
  custom:container-muxer-webm: aa71ff27fc2769a1b78a27578f13a17b -> 
  custom:container-demuxer-webm: 4f35f7cbe854078d1ac9338744f61a02 -> 
  custom:video-encoder-webm-vp8: eb34c28f22e8b96e1ab97ce403110664 -> 
  custom:video-codec-MediaFoundation-h265: 746d11721c4dcdbdad8f713fa42b33f4 -> 
  custom:audio-encoder-webm-vorbis: bf7c407c2cedff20999df2af8eb42d56 -> 
  custom:framework-win-MediaFoundation: 216162199b28c13a410421893ffa2e32 -> 
  custom:container-demuxer-ogg: 62fdf1f143b41e24485cea50d1cbac27 -> 
  custom:video-decoder-webm-vp8: 9c59270c3fd7afecdb556c50c9e8de78 -> 
  custom:audio-decoder-ogg-vorbis: bf7c407c2cedff20999df2af8eb42d56 -> 
========================================================================
Received Prepare
Registering precompiled user dll's ...
Registered in 0.024050 seconds.
Begin MonoManager ReloadAssembly
Symbol file LoadedFromMemory doesn't match image C:\Users\Austi\Desktop\Git2\testtrivia\MysteryTriviaCOPY\Library\PackageCache\com.unity.visualscripting@1.8.0\Editor\VisualScripting.Core\Dependencies\DotNetZip\Unity.VisualScripting.IonicZip.dll
Symbol file LoadedFromMemory doesn't match image C:\Users\Austi\Desktop\Git2\testtrivia\MysteryTriviaCOPY\Library\PackageCache\com.unity.visualscripting@1.8.0\Editor\VisualScripting.Core\Dependencies\YamlDotNet\Unity.VisualScripting.YamlDotNet.dll
Native extension for WindowsStandalone target not found
Native extension for WebGL target not found
Refreshing native plugins compatible for Editor in 3.13 ms, found 4 plugins.
Preloading 0 native plugins for Editor in 0.00 ms.
Mono: successfully reloaded assembly
- Completed reload, in  2.226 seconds
Domain Reload Profiling:
	ReloadAssembly (2229ms)
		BeginReloadAssembly (269ms)
			ExecutionOrderSort (0ms)
			DisableScriptedObjects (12ms)
			BackupInstance (0ms)
			ReleaseScriptingObjects (0ms)
			CreateAndSetChildDomain (76ms)
		EndReloadAssembly (1773ms)
			LoadAssemblies (204ms)
			RebuildTransferFunctionScriptingTraits (0ms)
			SetupTypeCache (451ms)
			ReleaseScriptCaches (3ms)
			RebuildScriptCaches (82ms)
			SetupLoadedEditorAssemblies (959ms)
				LogAssemblyErrors (0ms)
				InitializePlatformSupportModulesInManaged (25ms)
				SetLoadedEditorAssemblies (1ms)
				RefreshPlugins (3ms)
				BeforeProcessingInitializeOnLoad (147ms)
				ProcessInitializeOnLoadAttributes (703ms)
				ProcessInitializeOnLoadMethodAttributes (56ms)
				AfterProcessingInitializeOnLoad (24ms)
				EditorAssembliesLoaded (0ms)
			ExecutionOrderSort2 (0ms)
			AwakeInstancesAfterBackupRestoration (20ms)
Platform modules already initialized, skipping
Refreshing native plugins compatible for Editor in 19.85 ms, found 4 plugins.
Preloading 0 native plugins for Editor in 0.00 ms.
Unloading 4454 Unused Serialized files (Serialized files now loaded: 0)
Unloading 101 unused Assets / (100.9 KB). Loaded Objects now: 4928.
Memory consumption went from 179.9 MB to 179.8 MB.
Total: 5.448100 ms (FindLiveObjects: 0.372000 ms CreateObjectMapping: 0.184600 ms MarkObjects: 4.806700 ms  DeleteObjects: 0.083400 ms)

AssetImportParameters requested are different than current active one (requested -> active):
  custom:video-decoder-ogg-theora: a1e56fd34408186e4bbccfd4996cb3dc -> 
  custom:container-muxer-webm: aa71ff27fc2769a1b78a27578f13a17b -> 
  custom:container-demuxer-webm: 4f35f7cbe854078d1ac9338744f61a02 -> 
  custom:video-encoder-webm-vp8: eb34c28f22e8b96e1ab97ce403110664 -> 
  custom:video-codec-MediaFoundation-h265: 746d11721c4dcdbdad8f713fa42b33f4 -> 
  custom:audio-encoder-webm-vorbis: bf7c407c2cedff20999df2af8eb42d56 -> 
  custom:framework-win-MediaFoundation: 216162199b28c13a410421893ffa2e32 -> 
  custom:container-demuxer-ogg: 62fdf1f143b41e24485cea50d1cbac27 -> 
  custom:video-decoder-webm-vp8: 9c59270c3fd7afecdb556c50c9e8de78 -> 
  custom:audio-decoder-ogg-vorbis: bf7c407c2cedff20999df2af8eb42d56 -> 
========================================================================
Received Import Request.
  Time since last request: 2973.883697 seconds.
  path: Assets/Scenes/AustinMaze12.unity
  artifactKey: Guid(8419c68cc97207648ae924872594a20e) Importer(815301076,1909f56bfc062723c751e8b465ee728b)
Start importing Assets/Scenes/AustinMaze12.unity using Guid(8419c68cc97207648ae924872594a20e) Importer(815301076,1909f56bfc062723c751e8b465ee728b)  -> (artifact id: '7f56c3a0be72cdf2711105713d9cef3b') in 0.016157 seconds 
========================================================================
Received Import Request.
  Time since last request: 2.270413 seconds.
  path: Assets/Scenes/AustinMaze12 1.unity
  artifactKey: Guid(ea9729506f4a2854ba0947d6b73678ed) Importer(815301076,1909f56bfc062723c751e8b465ee728b)
Start importing Assets/Scenes/AustinMaze12 1.unity using Guid(ea9729506f4a2854ba0947d6b73678ed) Importer(815301076,1909f56bfc062723c751e8b465ee728b)  -> (artifact id: '60d5299f51f61364bc91e3f0e1498872') in 0.003319 seconds 
========================================================================
Received Import Request.
  Time since last request: 10.199297 seconds.
  path: Assets/Scenes/AustinMaze13.unity
  artifactKey: Guid(ea9729506f4a2854ba0947d6b73678ed) Importer(815301076,1909f56bfc062723c751e8b465ee728b)
Start importing Assets/Scenes/AustinMaze13.unity using Guid(ea9729506f4a2854ba0947d6b73678ed) Importer(815301076,1909f56bfc062723c751e8b465ee728b)  -> (artifact id: '84f8ee35cb31c1dd610e48b4d57be9d9') in 0.003626 seconds 
========================================================================
Received Import Request.
  Time since last request: 447.492864 seconds.
  path: Assets/Scenes/AustinMaze13.unity
  artifactKey: Guid(ea9729506f4a2854ba0947d6b73678ed) Importer(815301076,1909f56bfc062723c751e8b465ee728b)
Start importing Assets/Scenes/AustinMaze13.unity using Guid(ea9729506f4a2854ba0947d6b73678ed) Importer(815301076,1909f56bfc062723c751e8b465ee728b)  -> (artifact id: 'aabf65f88b13689aa5180665421453b6') in 0.003197 seconds 
========================================================================
Received Import Request.
  Time since last request: 428.020610 seconds.
  path: Assets/Scenes/AustinMaze12.unity
  artifactKey: Guid(8419c68cc97207648ae924872594a20e) Importer(815301076,1909f56bfc062723c751e8b465ee728b)
Start importing Assets/Scenes/AustinMaze12.unity using Guid(8419c68cc97207648ae924872594a20e) Importer(815301076,1909f56bfc062723c751e8b465ee728b)  -> (artifact id: 'ffdceb9f4fb9d8ce98e916afede7db34') in 0.002670 seconds 
========================================================================
Received Import Request.
  Time since last request: 29.294956 seconds.
  path: Assets/Scenes/AustinMaze13.unity
  artifactKey: Guid(ea9729506f4a2854ba0947d6b73678ed) Importer(815301076,1909f56bfc062723c751e8b465ee728b)
Start importing Assets/Scenes/AustinMaze13.unity using Guid(ea9729506f4a2854ba0947d6b73678ed) Importer(815301076,1909f56bfc062723c751e8b465ee728b)  -> (artifact id: 'c4ca2db318cbbec3ba9842b1f08a5bdf') in 0.002828 seconds 
========================================================================
Received Import Request.
  Time since last request: 114.268027 seconds.
  path: Assets/Scenes/Maze-MC9.unity
  artifactKey: Guid(0d89f2cbd2b96f64db7188edc741073c) Importer(815301076,1909f56bfc062723c751e8b465ee728b)
Start importing Assets/Scenes/Maze-MC9.unity using Guid(0d89f2cbd2b96f64db7188edc741073c) Importer(815301076,1909f56bfc062723c751e8b465ee728b)  -> (artifact id: '9babdd79117fc100aec20fcd3a7b4c4a') in 0.003653 seconds 
========================================================================
Received Import Request.
  Time since last request: 6.467269 seconds.
  path: Assets/Scenes/Maze-MC10.unity
  artifactKey: Guid(931eb736042764d49acd2a3ed7a5ea65) Importer(815301076,1909f56bfc062723c751e8b465ee728b)
Start importing Assets/Scenes/Maze-MC10.unity using Guid(931eb736042764d49acd2a3ed7a5ea65) Importer(815301076,1909f56bfc062723c751e8b465ee728b)  -> (artifact id: 'ea5df44d41decb3a991296151606f1c9') in 0.011126 seconds 
========================================================================
Received Import Request.
  Time since last request: 46.555127 seconds.
  path: Assets/Scenes/Maze-MC7.unity
  artifactKey: Guid(4090e56b7026a6a4e9ba5d4a65cccb28) Importer(815301076,1909f56bfc062723c751e8b465ee728b)
Start importing Assets/Scenes/Maze-MC7.unity using Guid(4090e56b7026a6a4e9ba5d4a65cccb28) Importer(815301076,1909f56bfc062723c751e8b465ee728b)  -> (artifact id: 'fa2318015a67258c8e430a11d2fe4ffd') in 0.017001 seconds 
========================================================================
Received Import Request.
  Time since last request: 12.628093 seconds.
  path: Assets/Scenes/Maze-MC4.unity
  artifactKey: Guid(4dd09bd516d37304aab1b08011c3d079) Importer(815301076,1909f56bfc062723c751e8b465ee728b)
Start importing Assets/Scenes/Maze-MC4.unity using Guid(4dd09bd516d37304aab1b08011c3d079) Importer(815301076,1909f56bfc062723c751e8b465ee728b)  -> (artifact id: '82b69d18438bab5ca809fe91146307f0') in 0.003572 seconds 
========================================================================
Received Import Request.
  Time since last request: 78.196272 seconds.
  path: Assets/Scenes/AustinMaze12.unity
  artifactKey: Guid(8419c68cc97207648ae924872594a20e) Importer(815301076,1909f56bfc062723c751e8b465ee728b)
Start importing Assets/Scenes/AustinMaze12.unity using Guid(8419c68cc97207648ae924872594a20e) Importer(815301076,1909f56bfc062723c751e8b465ee728b)  -> (artifact id: '19dfaa2885a5e34a20dd35307373e732') in 0.003355 seconds 
========================================================================
Received Import Request.
  Time since last request: 3.311809 seconds.
  path: Assets/Scenes/AustinMaze13.unity
  artifactKey: Guid(ea9729506f4a2854ba0947d6b73678ed) Importer(815301076,1909f56bfc062723c751e8b465ee728b)
Start importing Assets/Scenes/AustinMaze13.unity using Guid(ea9729506f4a2854ba0947d6b73678ed) Importer(815301076,1909f56bfc062723c751e8b465ee728b)  -> (artifact id: '8483a06f0dec58856d5442fcb7b4c8f5') in 0.002936 seconds 
========================================================================
Received Prepare
Refreshing native plugins compatible for Editor in 54.64 ms, found 4 plugins.
Preloading 0 native plugins for Editor in 0.00 ms.
Unloading 101 Unused Serialized files (Serialized files now loaded: 0)
Unloading 101 unused Assets / (98.1 KB). Loaded Objects now: 4928.
Memory consumption went from 92.4 MB to 92.3 MB.
Total: 5.747200 ms (FindLiveObjects: 0.363200 ms CreateObjectMapping: 0.159900 ms MarkObjects: 5.149900 ms  DeleteObjects: 0.073100 ms)

AssetImportParameters requested are different than current active one (requested -> active):
  custom:video-decoder-ogg-theora: a1e56fd34408186e4bbccfd4996cb3dc -> 
  custom:container-muxer-webm: aa71ff27fc2769a1b78a27578f13a17b -> 
  custom:container-demuxer-webm: 4f35f7cbe854078d1ac9338744f61a02 -> 
  custom:video-encoder-webm-vp8: eb34c28f22e8b96e1ab97ce403110664 -> 
  custom:video-codec-MediaFoundation-h265: 746d11721c4dcdbdad8f713fa42b33f4 -> 
  custom:audio-encoder-webm-vorbis: bf7c407c2cedff20999df2af8eb42d56 -> 
  custom:framework-win-MediaFoundation: 216162199b28c13a410421893ffa2e32 -> 
  custom:container-demuxer-ogg: 62fdf1f143b41e24485cea50d1cbac27 -> 
  custom:video-decoder-webm-vp8: 9c59270c3fd7afecdb556c50c9e8de78 -> 
  custom:audio-decoder-ogg-vorbis: bf7c407c2cedff20999df2af8eb42d56 -> 
